<?xml version="1.0" encoding="UTF-8"?>
<!-- Generated by org.testng.reporters.JUnitXMLReporter -->
<testsuite hostname="ANKITGUPTA" ignored="4" name="HF_task_1_Web" tests="3" failures="0" timestamp="21 Nov 2019 17:48:34 GMT" time="93.592" errors="0">
  <testcase name="logIn" time="9.105" classname="HFWebPkg.LogIn"/>
  <testcase name="signIn" time="29.649" classname="HFWebPkg.SignIn"/>
  <testcase name="checkOut" time="63.36" classname="HFWebPkg.CheckOut"/>
  <testcase name="@BeforeSuite setUp" time="0.0" classname="HFWebPkg.BaseTest">
    <ignored/>
  </testcase> <!-- @BeforeSuite setUp -->
  <testcase name="@BeforeSuite setUp" time="0.0" classname="HFWebPkg.BaseTest">
    <ignored/>
  </testcase> <!-- @BeforeSuite setUp -->
  <testcase name="@AfterSuite tearDown" time="0.0" classname="HFWebPkg.BaseTest">
    <ignored/>
  </testcase> <!-- @AfterSuite tearDown -->
  <testcase name="@AfterSuite tearDown" time="0.0" classname="HFWebPkg.BaseTest">
    <ignored/>
  </testcase> <!-- @AfterSuite tearDown -->
</testsuite> <!-- HF_task_1_Web -->
