<?xml version="1.0" encoding="UTF-8"?>
<testng-results ignored="0" total="2" passed="2" failed="0" skipped="0">
  <reporter-output>
    <line>
      <![CDATA[Posting the data]]>
    </line>
    <line>
      <![CDATA[Validating the response with roomid = 1]]>
    </line>
  </reporter-output>
  <suite started-at="2019-11-22T16:09:03 IST" name="Default suite" finished-at="2019-11-22T16:09:16 IST" duration-ms="13506">
    <groups>
    </groups>
    <test started-at="2019-11-22T16:09:03 IST" name="Default test" finished-at="2019-11-22T16:09:16 IST" duration-ms="13506">
      <class name="net.javaguides.maven_web_project.newresttest.test1">
        <test-method signature="api_createBooking()[pri:1, instance:net.javaguides.maven_web_project.newresttest.test1@7ea37dbf]" started-at="2019-11-22T16:09:03 IST" name="api_createBooking" finished-at="2019-11-22T16:09:15 IST" duration-ms="12618" status="PASS">
          <reporter-output>
            <line>
              <![CDATA[Posting the data]]>
            </line>
          </reporter-output>
        </test-method> <!-- api_createBooking -->
        <test-method signature="api_getBooking()[pri:2, instance:net.javaguides.maven_web_project.newresttest.test1@7ea37dbf]" started-at="2019-11-22T16:09:15 IST" name="api_getBooking" finished-at="2019-11-22T16:09:16 IST" duration-ms="813" status="PASS">
          <reporter-output>
            <line>
              <![CDATA[Validating the response with roomid = 1]]>
            </line>
          </reporter-output>
        </test-method> <!-- api_getBooking -->
      </class> <!-- net.javaguides.maven_web_project.newresttest.test1 -->
    </test> <!-- Default test -->
  </suite> <!-- Default suite -->
</testng-results>
